[2021-06-10 01:21:38] development.ERROR: Twig\Error\SyntaxError: Unexpected character "#" in "/var/www/cis-web-site.localhost/themes/cis/layouts/layout.htm" at line 69. in /var/www/cis-web-site.localhost/vendor/twig/twig/src/Lexer.php:365
Stack trace:
#0 /var/www/cis-web-site.localhost/vendor/twig/twig/src/Lexer.php(292): Twig\Lexer->lexExpression()
#1 /var/www/cis-web-site.localhost/vendor/twig/twig/src/Lexer.php(186): Twig\Lexer->lexVar()
#2 /var/www/cis-web-site.localhost/vendor/twig/twig/src/Environment.php(542): Twig\Lexer->tokenize()
#3 /var/www/cis-web-site.localhost/vendor/twig/twig/src/Environment.php(595): Twig\Environment->tokenize()
#4 /var/www/cis-web-site.localhost/vendor/twig/twig/src/Environment.php(408): Twig\Environment->compileSource()
#5 /var/www/cis-web-site.localhost/vendor/twig/twig/src/Environment.php(381): Twig\Environment->loadClass()
#6 /var/www/cis-web-site.localhost/modules/cms/classes/Controller.php(434): Twig\Environment->loadTemplate()
#7 /var/www/cis-web-site.localhost/modules/cms/classes/Controller.php(225): Cms\Classes\Controller->runPage()
#8 /var/www/cis-web-site.localhost/modules/cms/classes/CmsController.php(50): Cms\Classes\Controller->run()
#9 [internal function]: Cms\Classes\CmsController->run()
#10 /var/www/cis-web-site.localhost/vendor/laravel/framework/src/Illuminate/Routing/Controller.php(54): call_user_func_array()
#11 /var/www/cis-web-site.localhost/vendor/laravel/framework/src/Illuminate/Routing/ControllerDispatcher.php(45): Illuminate\Routing\Controller->callAction()
#12 /var/www/cis-web-site.localhost/vendor/laravel/framework/src/Illuminate/Routing/Route.php(212): Illuminate\Routing\ControllerDispatcher->dispatch()
#13 /var/www/cis-web-site.localhost/vendor/laravel/framework/src/Illuminate/Routing/Route.php(169): Illuminate\Routing\Route->runController()
#14 /var/www/cis-web-site.localhost/vendor/laravel/framework/src/Illuminate/Routing/Router.php(658): Illuminate\Routing\Route->run()
#15 /var/www/cis-web-site.localhost/vendor/laravel/framework/src/Illuminate/Routing/Pipeline.php(30): Illuminate\Routing\Router->Illuminate\Routing\{closure}()
#16 /var/www/cis-web-site.localhost/vendor/laravel/framework/src/Illuminate/Routing/Middleware/SubstituteBindings.php(41): Illuminate\Routing\Pipeline->Illuminate\Routing\{closure}()
#17 /var/www/cis-web-site.localhost/vendor/laravel/framework/src/Illuminate/Pipeline/Pipeline.php(149): Illuminate\Routing\Middleware\SubstituteBindings->handle()
#18 /var/www/cis-web-site.localhost/vendor/laravel/framework/src/Illuminate/Routing/Pipeline.php(53): Illuminate\Pipeline\Pipeline->Illuminate\Pipeline\{closure}()
#19 /var/www/cis-web-site.localhost/vendor/laravel/framework/src/Illuminate/View/Middleware/ShareErrorsFromSession.php(49): Illuminate\Routing\Pipeline->Illuminate\Routing\{closure}()
#20 /var/www/cis-web-site.localhost/vendor/laravel/framework/src/Illuminate/Pipeline/Pipeline.php(149): Illuminate\View\Middleware\ShareErrorsFromSession->handle()
#21 /var/www/cis-web-site.localhost/vendor/laravel/framework/src/Illuminate/Routing/Pipeline.php(53): Illuminate\Pipeline\Pipeline->Illuminate\Pipeline\{closure}()
#22 /var/www/cis-web-site.localhost/vendor/laravel/framework/src/Illuminate/Session/Middleware/StartSession.php(63): Illuminate\Routing\Pipeline->Illuminate\Routing\{closure}()
#23 /var/www/cis-web-site.localhost/vendor/laravel/framework/src/Illuminate/Pipeline/Pipeline.php(149): Illuminate\Session\Middleware\StartSession->handle()
#24 /var/www/cis-web-site.localhost/vendor/laravel/framework/src/Illuminate/Routing/Pipeline.php(53): Illuminate\Pipeline\Pipeline->Illuminate\Pipeline\{closure}()
#25 /var/www/cis-web-site.localhost/vendor/laravel/framework/src/Illuminate/Cookie/Middleware/AddQueuedCookiesToResponse.php(37): Illuminate\Routing\Pipeline->Illuminate\Routing\{closure}()
#26 /var/www/cis-web-site.localhost/vendor/laravel/framework/src/Illuminate/Pipeline/Pipeline.php(149): Illuminate\Cookie\Middleware\AddQueuedCookiesToResponse->handle()
#27 /var/www/cis-web-site.localhost/vendor/laravel/framework/src/Illuminate/Routing/Pipeline.php(53): Illuminate\Pipeline\Pipeline->Illuminate\Pipeline\{closure}()
#28 /var/www/cis-web-site.localhost/vendor/laravel/framework/src/Illuminate/Cookie/Middleware/EncryptCookies.php(68): Illuminate\Routing\Pipeline->Illuminate\Routing\{closure}()
#29 /var/www/cis-web-site.localhost/vendor/laravel/framework/src/Illuminate/Pipeline/Pipeline.php(149): Illuminate\Cookie\Middleware\EncryptCookies->handle()
#30 /var/www/cis-web-site.localhost/vendor/laravel/framework/src/Illuminate/Routing/Pipeline.php(53): Illuminate\Pipeline\Pipeline->Illuminate\Pipeline\{closure}()
#31 /var/www/cis-web-site.localhost/vendor/laravel/framework/src/Illuminate/Pipeline/Pipeline.php(102): Illuminate\Routing\Pipeline->Illuminate\Routing\{closure}()
#32 /var/www/cis-web-site.localhost/vendor/laravel/framework/src/Illuminate/Routing/Router.php(660): Illuminate\Pipeline\Pipeline->then()
#33 /var/www/cis-web-site.localhost/vendor/laravel/framework/src/Illuminate/Routing/Router.php(635): Illuminate\Routing\Router->runRouteWithinStack()
#34 /var/www/cis-web-site.localhost/vendor/laravel/framework/src/Illuminate/Routing/Router.php(601): Illuminate\Routing\Router->runRoute()
#35 /var/www/cis-web-site.localhost/vendor/october/rain/src/Router/CoreRouter.php(20): Illuminate\Routing\Router->dispatchToRoute()
#36 /var/www/cis-web-site.localhost/vendor/laravel/framework/src/Illuminate/Foundation/Http/Kernel.php(176): October\Rain\Router\CoreRouter->dispatch()
#37 /var/www/cis-web-site.localhost/vendor/laravel/framework/src/Illuminate/Routing/Pipeline.php(30): Illuminate\Foundation\Http\Kernel->Illuminate\Foundation\Http\{closure}()
#38 /var/www/cis-web-site.localhost/vendor/laravel/framework/src/Illuminate/Foundation/Http/Middleware/CheckForMaintenanceMode.php(46): Illuminate\Routing\Pipeline->Illuminate\Routing\{closure}()
#39 /var/www/cis-web-site.localhost/vendor/october/rain/src/Foundation/Http/Middleware/CheckForMaintenanceMode.php(25): Illuminate\Foundation\Http\Middleware\CheckForMaintenanceMode->handle()
#40 /var/www/cis-web-site.localhost/vendor/laravel/framework/src/Illuminate/Pipeline/Pipeline.php(149): October\Rain\Foundation\Http\Middleware\CheckForMaintenanceMode->handle()
#41 /var/www/cis-web-site.localhost/vendor/laravel/framework/src/Illuminate/Routing/Pipeline.php(53): Illuminate\Pipeline\Pipeline->Illuminate\Pipeline\{closure}()
#42 /var/www/cis-web-site.localhost/vendor/october/rain/src/Http/Middleware/TrustHosts.php(46): Illuminate\Routing\Pipeline->Illuminate\Routing\{closure}()
#43 /var/www/cis-web-site.localhost/vendor/laravel/framework/src/Illuminate/Pipeline/Pipeline.php(149): October\Rain\Http\Middleware\TrustHosts->handle()
#44 /var/www/cis-web-site.localhost/vendor/laravel/framework/src/Illuminate/Routing/Pipeline.php(53): Illuminate\Pipeline\Pipeline->Illuminate\Pipeline\{closure}()
#45 /var/www/cis-web-site.localhost/vendor/laravel/framework/src/Illuminate/Pipeline/Pipeline.php(102): Illuminate\Routing\Pipeline->Illuminate\Routing\{closure}()
#46 /var/www/cis-web-site.localhost/vendor/laravel/framework/src/Illuminate/Foundation/Http/Kernel.php(151): Illuminate\Pipeline\Pipeline->then()
#47 /var/www/cis-web-site.localhost/vendor/laravel/framework/src/Illuminate/Foundation/Http/Kernel.php(116): Illuminate\Foundation\Http\Kernel->sendRequestThroughRouter()
#48 /var/www/cis-web-site.localhost/index.php(43): Illuminate\Foundation\Http\Kernel->handle()
#49 {main}  
[2021-06-10 01:25:17] development.ERROR: Twig\Error\SyntaxError: Unexpected character ";" in "/var/www/cis-web-site.localhost/themes/cis/layouts/layout.htm" at line 142. in /var/www/cis-web-site.localhost/vendor/twig/twig/src/Lexer.php:365
Stack trace:
#0 /var/www/cis-web-site.localhost/vendor/twig/twig/src/Lexer.php(292): Twig\Lexer->lexExpression()
#1 /var/www/cis-web-site.localhost/vendor/twig/twig/src/Lexer.php(186): Twig\Lexer->lexVar()
#2 /var/www/cis-web-site.localhost/vendor/twig/twig/src/Environment.php(542): Twig\Lexer->tokenize()
#3 /var/www/cis-web-site.localhost/vendor/twig/twig/src/Environment.php(595): Twig\Environment->tokenize()
#4 /var/www/cis-web-site.localhost/vendor/twig/twig/src/Environment.php(408): Twig\Environment->compileSource()
#5 /var/www/cis-web-site.localhost/vendor/twig/twig/src/Environment.php(381): Twig\Environment->loadClass()
#6 /var/www/cis-web-site.localhost/modules/cms/classes/Controller.php(434): Twig\Environment->loadTemplate()
#7 /var/www/cis-web-site.localhost/modules/cms/classes/Controller.php(225): Cms\Classes\Controller->runPage()
#8 /var/www/cis-web-site.localhost/modules/cms/classes/CmsController.php(50): Cms\Classes\Controller->run()
#9 [internal function]: Cms\Classes\CmsController->run()
#10 /var/www/cis-web-site.localhost/vendor/laravel/framework/src/Illuminate/Routing/Controller.php(54): call_user_func_array()
#11 /var/www/cis-web-site.localhost/vendor/laravel/framework/src/Illuminate/Routing/ControllerDispatcher.php(45): Illuminate\Routing\Controller->callAction()
#12 /var/www/cis-web-site.localhost/vendor/laravel/framework/src/Illuminate/Routing/Route.php(212): Illuminate\Routing\ControllerDispatcher->dispatch()
#13 /var/www/cis-web-site.localhost/vendor/laravel/framework/src/Illuminate/Routing/Route.php(169): Illuminate\Routing\Route->runController()
#14 /var/www/cis-web-site.localhost/vendor/laravel/framework/src/Illuminate/Routing/Router.php(658): Illuminate\Routing\Route->run()
#15 /var/www/cis-web-site.localhost/vendor/laravel/framework/src/Illuminate/Routing/Pipeline.php(30): Illuminate\Routing\Router->Illuminate\Routing\{closure}()
#16 /var/www/cis-web-site.localhost/vendor/laravel/framework/src/Illuminate/Routing/Middleware/SubstituteBindings.php(41): Illuminate\Routing\Pipeline->Illuminate\Routing\{closure}()
#17 /var/www/cis-web-site.localhost/vendor/laravel/framework/src/Illuminate/Pipeline/Pipeline.php(149): Illuminate\Routing\Middleware\SubstituteBindings->handle()
#18 /var/www/cis-web-site.localhost/vendor/laravel/framework/src/Illuminate/Routing/Pipeline.php(53): Illuminate\Pipeline\Pipeline->Illuminate\Pipeline\{closure}()
#19 /var/www/cis-web-site.localhost/vendor/laravel/framework/src/Illuminate/View/Middleware/ShareErrorsFromSession.php(49): Illuminate\Routing\Pipeline->Illuminate\Routing\{closure}()
#20 /var/www/cis-web-site.localhost/vendor/laravel/framework/src/Illuminate/Pipeline/Pipeline.php(149): Illuminate\View\Middleware\ShareErrorsFromSession->handle()
#21 /var/www/cis-web-site.localhost/vendor/laravel/framework/src/Illuminate/Routing/Pipeline.php(53): Illuminate\Pipeline\Pipeline->Illuminate\Pipeline\{closure}()
#22 /var/www/cis-web-site.localhost/vendor/laravel/framework/src/Illuminate/Session/Middleware/StartSession.php(63): Illuminate\Routing\Pipeline->Illuminate\Routing\{closure}()
#23 /var/www/cis-web-site.localhost/vendor/laravel/framework/src/Illuminate/Pipeline/Pipeline.php(149): Illuminate\Session\Middleware\StartSession->handle()
#24 /var/www/cis-web-site.localhost/vendor/laravel/framework/src/Illuminate/Routing/Pipeline.php(53): Illuminate\Pipeline\Pipeline->Illuminate\Pipeline\{closure}()
#25 /var/www/cis-web-site.localhost/vendor/laravel/framework/src/Illuminate/Cookie/Middleware/AddQueuedCookiesToResponse.php(37): Illuminate\Routing\Pipeline->Illuminate\Routing\{closure}()
#26 /var/www/cis-web-site.localhost/vendor/laravel/framework/src/Illuminate/Pipeline/Pipeline.php(149): Illuminate\Cookie\Middleware\AddQueuedCookiesToResponse->handle()
#27 /var/www/cis-web-site.localhost/vendor/laravel/framework/src/Illuminate/Routing/Pipeline.php(53): Illuminate\Pipeline\Pipeline->Illuminate\Pipeline\{closure}()
#28 /var/www/cis-web-site.localhost/vendor/laravel/framework/src/Illuminate/Cookie/Middleware/EncryptCookies.php(68): Illuminate\Routing\Pipeline->Illuminate\Routing\{closure}()
#29 /var/www/cis-web-site.localhost/vendor/laravel/framework/src/Illuminate/Pipeline/Pipeline.php(149): Illuminate\Cookie\Middleware\EncryptCookies->handle()
#30 /var/www/cis-web-site.localhost/vendor/laravel/framework/src/Illuminate/Routing/Pipeline.php(53): Illuminate\Pipeline\Pipeline->Illuminate\Pipeline\{closure}()
#31 /var/www/cis-web-site.localhost/vendor/laravel/framework/src/Illuminate/Pipeline/Pipeline.php(102): Illuminate\Routing\Pipeline->Illuminate\Routing\{closure}()
#32 /var/www/cis-web-site.localhost/vendor/laravel/framework/src/Illuminate/Routing/Router.php(660): Illuminate\Pipeline\Pipeline->then()
#33 /var/www/cis-web-site.localhost/vendor/laravel/framework/src/Illuminate/Routing/Router.php(635): Illuminate\Routing\Router->runRouteWithinStack()
#34 /var/www/cis-web-site.localhost/vendor/laravel/framework/src/Illuminate/Routing/Router.php(601): Illuminate\Routing\Router->runRoute()
#35 /var/www/cis-web-site.localhost/vendor/october/rain/src/Router/CoreRouter.php(20): Illuminate\Routing\Router->dispatchToRoute()
#36 /var/www/cis-web-site.localhost/vendor/laravel/framework/src/Illuminate/Foundation/Http/Kernel.php(176): October\Rain\Router\CoreRouter->dispatch()
#37 /var/www/cis-web-site.localhost/vendor/laravel/framework/src/Illuminate/Routing/Pipeline.php(30): Illuminate\Foundation\Http\Kernel->Illuminate\Foundation\Http\{closure}()
#38 /var/www/cis-web-site.localhost/vendor/laravel/framework/src/Illuminate/Foundation/Http/Middleware/CheckForMaintenanceMode.php(46): Illuminate\Routing\Pipeline->Illuminate\Routing\{closure}()
#39 /var/www/cis-web-site.localhost/vendor/october/rain/src/Foundation/Http/Middleware/CheckForMaintenanceMode.php(25): Illuminate\Foundation\Http\Middleware\CheckForMaintenanceMode->handle()
#40 /var/www/cis-web-site.localhost/vendor/laravel/framework/src/Illuminate/Pipeline/Pipeline.php(149): October\Rain\Foundation\Http\Middleware\CheckForMaintenanceMode->handle()
#41 /var/www/cis-web-site.localhost/vendor/laravel/framework/src/Illuminate/Routing/Pipeline.php(53): Illuminate\Pipeline\Pipeline->Illuminate\Pipeline\{closure}()
#42 /var/www/cis-web-site.localhost/vendor/october/rain/src/Http/Middleware/TrustHosts.php(46): Illuminate\Routing\Pipeline->Illuminate\Routing\{closure}()
#43 /var/www/cis-web-site.localhost/vendor/laravel/framework/src/Illuminate/Pipeline/Pipeline.php(149): October\Rain\Http\Middleware\TrustHosts->handle()
#44 /var/www/cis-web-site.localhost/vendor/laravel/framework/src/Illuminate/Routing/Pipeline.php(53): Illuminate\Pipeline\Pipeline->Illuminate\Pipeline\{closure}()
#45 /var/www/cis-web-site.localhost/vendor/laravel/framework/src/Illuminate/Pipeline/Pipeline.php(102): Illuminate\Routing\Pipeline->Illuminate\Routing\{closure}()
#46 /var/www/cis-web-site.localhost/vendor/laravel/framework/src/Illuminate/Foundation/Http/Kernel.php(151): Illuminate\Pipeline\Pipeline->then()
#47 /var/www/cis-web-site.localhost/vendor/laravel/framework/src/Illuminate/Foundation/Http/Kernel.php(116): Illuminate\Foundation\Http\Kernel->sendRequestThroughRouter()
#48 /var/www/cis-web-site.localhost/index.php(43): Illuminate\Foundation\Http\Kernel->handle()
#49 {main}  
[2021-06-10 01:29:59] development.ERROR: Twig\Error\SyntaxError: A block must start with a tag name in "/var/www/cis-web-site.localhost/themes/cis/layouts/layout.htm" at line 548. in /var/www/cis-web-site.localhost/vendor/twig/twig/src/Parser.php:152
Stack trace:
#0 /var/www/cis-web-site.localhost/vendor/twig/twig/src/Parser.php(98): Twig\Parser->subparse()
#1 /var/www/cis-web-site.localhost/vendor/twig/twig/src/Environment.php(563): Twig\Parser->parse()
#2 /var/www/cis-web-site.localhost/vendor/twig/twig/src/Environment.php(595): Twig\Environment->parse()
#3 /var/www/cis-web-site.localhost/vendor/twig/twig/src/Environment.php(408): Twig\Environment->compileSource()
#4 /var/www/cis-web-site.localhost/vendor/twig/twig/src/Environment.php(381): Twig\Environment->loadClass()
#5 /var/www/cis-web-site.localhost/modules/cms/classes/Controller.php(434): Twig\Environment->loadTemplate()
#6 /var/www/cis-web-site.localhost/modules/cms/classes/Controller.php(225): Cms\Classes\Controller->runPage()
#7 /var/www/cis-web-site.localhost/modules/cms/classes/CmsController.php(50): Cms\Classes\Controller->run()
#8 [internal function]: Cms\Classes\CmsController->run()
#9 /var/www/cis-web-site.localhost/vendor/laravel/framework/src/Illuminate/Routing/Controller.php(54): call_user_func_array()
#10 /var/www/cis-web-site.localhost/vendor/laravel/framework/src/Illuminate/Routing/ControllerDispatcher.php(45): Illuminate\Routing\Controller->callAction()
#11 /var/www/cis-web-site.localhost/vendor/laravel/framework/src/Illuminate/Routing/Route.php(212): Illuminate\Routing\ControllerDispatcher->dispatch()
#12 /var/www/cis-web-site.localhost/vendor/laravel/framework/src/Illuminate/Routing/Route.php(169): Illuminate\Routing\Route->runController()
#13 /var/www/cis-web-site.localhost/vendor/laravel/framework/src/Illuminate/Routing/Router.php(658): Illuminate\Routing\Route->run()
#14 /var/www/cis-web-site.localhost/vendor/laravel/framework/src/Illuminate/Routing/Pipeline.php(30): Illuminate\Routing\Router->Illuminate\Routing\{closure}()
#15 /var/www/cis-web-site.localhost/vendor/laravel/framework/src/Illuminate/Routing/Middleware/SubstituteBindings.php(41): Illuminate\Routing\Pipeline->Illuminate\Routing\{closure}()
#16 /var/www/cis-web-site.localhost/vendor/laravel/framework/src/Illuminate/Pipeline/Pipeline.php(149): Illuminate\Routing\Middleware\SubstituteBindings->handle()
#17 /var/www/cis-web-site.localhost/vendor/laravel/framework/src/Illuminate/Routing/Pipeline.php(53): Illuminate\Pipeline\Pipeline->Illuminate\Pipeline\{closure}()
#18 /var/www/cis-web-site.localhost/vendor/laravel/framework/src/Illuminate/View/Middleware/ShareErrorsFromSession.php(49): Illuminate\Routing\Pipeline->Illuminate\Routing\{closure}()
#19 /var/www/cis-web-site.localhost/vendor/laravel/framework/src/Illuminate/Pipeline/Pipeline.php(149): Illuminate\View\Middleware\ShareErrorsFromSession->handle()
#20 /var/www/cis-web-site.localhost/vendor/laravel/framework/src/Illuminate/Routing/Pipeline.php(53): Illuminate\Pipeline\Pipeline->Illuminate\Pipeline\{closure}()
#21 /var/www/cis-web-site.localhost/vendor/laravel/framework/src/Illuminate/Session/Middleware/StartSession.php(63): Illuminate\Routing\Pipeline->Illuminate\Routing\{closure}()
#22 /var/www/cis-web-site.localhost/vendor/laravel/framework/src/Illuminate/Pipeline/Pipeline.php(149): Illuminate\Session\Middleware\StartSession->handle()
#23 /var/www/cis-web-site.localhost/vendor/laravel/framework/src/Illuminate/Routing/Pipeline.php(53): Illuminate\Pipeline\Pipeline->Illuminate\Pipeline\{closure}()
#24 /var/www/cis-web-site.localhost/vendor/laravel/framework/src/Illuminate/Cookie/Middleware/AddQueuedCookiesToResponse.php(37): Illuminate\Routing\Pipeline->Illuminate\Routing\{closure}()
#25 /var/www/cis-web-site.localhost/vendor/laravel/framework/src/Illuminate/Pipeline/Pipeline.php(149): Illuminate\Cookie\Middleware\AddQueuedCookiesToResponse->handle()
#26 /var/www/cis-web-site.localhost/vendor/laravel/framework/src/Illuminate/Routing/Pipeline.php(53): Illuminate\Pipeline\Pipeline->Illuminate\Pipeline\{closure}()
#27 /var/www/cis-web-site.localhost/vendor/laravel/framework/src/Illuminate/Cookie/Middleware/EncryptCookies.php(68): Illuminate\Routing\Pipeline->Illuminate\Routing\{closure}()
#28 /var/www/cis-web-site.localhost/vendor/laravel/framework/src/Illuminate/Pipeline/Pipeline.php(149): Illuminate\Cookie\Middleware\EncryptCookies->handle()
#29 /var/www/cis-web-site.localhost/vendor/laravel/framework/src/Illuminate/Routing/Pipeline.php(53): Illuminate\Pipeline\Pipeline->Illuminate\Pipeline\{closure}()
#30 /var/www/cis-web-site.localhost/vendor/laravel/framework/src/Illuminate/Pipeline/Pipeline.php(102): Illuminate\Routing\Pipeline->Illuminate\Routing\{closure}()
#31 /var/www/cis-web-site.localhost/vendor/laravel/framework/src/Illuminate/Routing/Router.php(660): Illuminate\Pipeline\Pipeline->then()
#32 /var/www/cis-web-site.localhost/vendor/laravel/framework/src/Illuminate/Routing/Router.php(635): Illuminate\Routing\Router->runRouteWithinStack()
#33 /var/www/cis-web-site.localhost/vendor/laravel/framework/src/Illuminate/Routing/Router.php(601): Illuminate\Routing\Router->runRoute()
#34 /var/www/cis-web-site.localhost/vendor/october/rain/src/Router/CoreRouter.php(20): Illuminate\Routing\Router->dispatchToRoute()
#35 /var/www/cis-web-site.localhost/vendor/laravel/framework/src/Illuminate/Foundation/Http/Kernel.php(176): October\Rain\Router\CoreRouter->dispatch()
#36 /var/www/cis-web-site.localhost/vendor/laravel/framework/src/Illuminate/Routing/Pipeline.php(30): Illuminate\Foundation\Http\Kernel->Illuminate\Foundation\Http\{closure}()
#37 /var/www/cis-web-site.localhost/vendor/laravel/framework/src/Illuminate/Foundation/Http/Middleware/CheckForMaintenanceMode.php(46): Illuminate\Routing\Pipeline->Illuminate\Routing\{closure}()
#38 /var/www/cis-web-site.localhost/vendor/october/rain/src/Foundation/Http/Middleware/CheckForMaintenanceMode.php(25): Illuminate\Foundation\Http\Middleware\CheckForMaintenanceMode->handle()
#39 /var/www/cis-web-site.localhost/vendor/laravel/framework/src/Illuminate/Pipeline/Pipeline.php(149): October\Rain\Foundation\Http\Middleware\CheckForMaintenanceMode->handle()
#40 /var/www/cis-web-site.localhost/vendor/laravel/framework/src/Illuminate/Routing/Pipeline.php(53): Illuminate\Pipeline\Pipeline->Illuminate\Pipeline\{closure}()
#41 /var/www/cis-web-site.localhost/vendor/october/rain/src/Http/Middleware/TrustHosts.php(46): Illuminate\Routing\Pipeline->Illuminate\Routing\{closure}()
#42 /var/www/cis-web-site.localhost/vendor/laravel/framework/src/Illuminate/Pipeline/Pipeline.php(149): October\Rain\Http\Middleware\TrustHosts->handle()
#43 /var/www/cis-web-site.localhost/vendor/laravel/framework/src/Illuminate/Routing/Pipeline.php(53): Illuminate\Pipeline\Pipeline->Illuminate\Pipeline\{closure}()
#44 /var/www/cis-web-site.localhost/vendor/laravel/framework/src/Illuminate/Pipeline/Pipeline.php(102): Illuminate\Routing\Pipeline->Illuminate\Routing\{closure}()
#45 /var/www/cis-web-site.localhost/vendor/laravel/framework/src/Illuminate/Foundation/Http/Kernel.php(151): Illuminate\Pipeline\Pipeline->then()
#46 /var/www/cis-web-site.localhost/vendor/laravel/framework/src/Illuminate/Foundation/Http/Kernel.php(116): Illuminate\Foundation\Http\Kernel->sendRequestThroughRouter()
#47 /var/www/cis-web-site.localhost/index.php(43): Illuminate\Foundation\Http\Kernel->handle()
#48 {main}  
[2021-06-10 01:30:42] development.ERROR: Twig\Error\SyntaxError: Unexpected character "!" in "/var/www/cis-web-site.localhost/themes/cis/layouts/layout.htm" at line 549. in /var/www/cis-web-site.localhost/vendor/twig/twig/src/Lexer.php:365
Stack trace:
#0 /var/www/cis-web-site.localhost/vendor/twig/twig/src/Lexer.php(281): Twig\Lexer->lexExpression()
#1 /var/www/cis-web-site.localhost/vendor/twig/twig/src/Lexer.php(182): Twig\Lexer->lexBlock()
#2 /var/www/cis-web-site.localhost/vendor/twig/twig/src/Environment.php(542): Twig\Lexer->tokenize()
#3 /var/www/cis-web-site.localhost/vendor/twig/twig/src/Environment.php(595): Twig\Environment->tokenize()
#4 /var/www/cis-web-site.localhost/vendor/twig/twig/src/Environment.php(408): Twig\Environment->compileSource()
#5 /var/www/cis-web-site.localhost/vendor/twig/twig/src/Environment.php(381): Twig\Environment->loadClass()
#6 /var/www/cis-web-site.localhost/modules/cms/classes/Controller.php(434): Twig\Environment->loadTemplate()
#7 /var/www/cis-web-site.localhost/modules/cms/classes/Controller.php(225): Cms\Classes\Controller->runPage()
#8 /var/www/cis-web-site.localhost/modules/cms/classes/CmsController.php(50): Cms\Classes\Controller->run()
#9 [internal function]: Cms\Classes\CmsController->run()
#10 /var/www/cis-web-site.localhost/vendor/laravel/framework/src/Illuminate/Routing/Controller.php(54): call_user_func_array()
#11 /var/www/cis-web-site.localhost/vendor/laravel/framework/src/Illuminate/Routing/ControllerDispatcher.php(45): Illuminate\Routing\Controller->callAction()
#12 /var/www/cis-web-site.localhost/vendor/laravel/framework/src/Illuminate/Routing/Route.php(212): Illuminate\Routing\ControllerDispatcher->dispatch()
#13 /var/www/cis-web-site.localhost/vendor/laravel/framework/src/Illuminate/Routing/Route.php(169): Illuminate\Routing\Route->runController()
#14 /var/www/cis-web-site.localhost/vendor/laravel/framework/src/Illuminate/Routing/Router.php(658): Illuminate\Routing\Route->run()
#15 /var/www/cis-web-site.localhost/vendor/laravel/framework/src/Illuminate/Routing/Pipeline.php(30): Illuminate\Routing\Router->Illuminate\Routing\{closure}()
#16 /var/www/cis-web-site.localhost/vendor/laravel/framework/src/Illuminate/Routing/Middleware/SubstituteBindings.php(41): Illuminate\Routing\Pipeline->Illuminate\Routing\{closure}()
#17 /var/www/cis-web-site.localhost/vendor/laravel/framework/src/Illuminate/Pipeline/Pipeline.php(149): Illuminate\Routing\Middleware\SubstituteBindings->handle()
#18 /var/www/cis-web-site.localhost/vendor/laravel/framework/src/Illuminate/Routing/Pipeline.php(53): Illuminate\Pipeline\Pipeline->Illuminate\Pipeline\{closure}()
#19 /var/www/cis-web-site.localhost/vendor/laravel/framework/src/Illuminate/View/Middleware/ShareErrorsFromSession.php(49): Illuminate\Routing\Pipeline->Illuminate\Routing\{closure}()
#20 /var/www/cis-web-site.localhost/vendor/laravel/framework/src/Illuminate/Pipeline/Pipeline.php(149): Illuminate\View\Middleware\ShareErrorsFromSession->handle()
#21 /var/www/cis-web-site.localhost/vendor/laravel/framework/src/Illuminate/Routing/Pipeline.php(53): Illuminate\Pipeline\Pipeline->Illuminate\Pipeline\{closure}()
#22 /var/www/cis-web-site.localhost/vendor/laravel/framework/src/Illuminate/Session/Middleware/StartSession.php(63): Illuminate\Routing\Pipeline->Illuminate\Routing\{closure}()
#23 /var/www/cis-web-site.localhost/vendor/laravel/framework/src/Illuminate/Pipeline/Pipeline.php(149): Illuminate\Session\Middleware\StartSession->handle()
#24 /var/www/cis-web-site.localhost/vendor/laravel/framework/src/Illuminate/Routing/Pipeline.php(53): Illuminate\Pipeline\Pipeline->Illuminate\Pipeline\{closure}()
#25 /var/www/cis-web-site.localhost/vendor/laravel/framework/src/Illuminate/Cookie/Middleware/AddQueuedCookiesToResponse.php(37): Illuminate\Routing\Pipeline->Illuminate\Routing\{closure}()
#26 /var/www/cis-web-site.localhost/vendor/laravel/framework/src/Illuminate/Pipeline/Pipeline.php(149): Illuminate\Cookie\Middleware\AddQueuedCookiesToResponse->handle()
#27 /var/www/cis-web-site.localhost/vendor/laravel/framework/src/Illuminate/Routing/Pipeline.php(53): Illuminate\Pipeline\Pipeline->Illuminate\Pipeline\{closure}()
#28 /var/www/cis-web-site.localhost/vendor/laravel/framework/src/Illuminate/Cookie/Middleware/EncryptCookies.php(68): Illuminate\Routing\Pipeline->Illuminate\Routing\{closure}()
#29 /var/www/cis-web-site.localhost/vendor/laravel/framework/src/Illuminate/Pipeline/Pipeline.php(149): Illuminate\Cookie\Middleware\EncryptCookies->handle()
#30 /var/www/cis-web-site.localhost/vendor/laravel/framework/src/Illuminate/Routing/Pipeline.php(53): Illuminate\Pipeline\Pipeline->Illuminate\Pipeline\{closure}()
#31 /var/www/cis-web-site.localhost/vendor/laravel/framework/src/Illuminate/Pipeline/Pipeline.php(102): Illuminate\Routing\Pipeline->Illuminate\Routing\{closure}()
#32 /var/www/cis-web-site.localhost/vendor/laravel/framework/src/Illuminate/Routing/Router.php(660): Illuminate\Pipeline\Pipeline->then()
#33 /var/www/cis-web-site.localhost/vendor/laravel/framework/src/Illuminate/Routing/Router.php(635): Illuminate\Routing\Router->runRouteWithinStack()
#34 /var/www/cis-web-site.localhost/vendor/laravel/framework/src/Illuminate/Routing/Router.php(601): Illuminate\Routing\Router->runRoute()
#35 /var/www/cis-web-site.localhost/vendor/october/rain/src/Router/CoreRouter.php(20): Illuminate\Routing\Router->dispatchToRoute()
#36 /var/www/cis-web-site.localhost/vendor/laravel/framework/src/Illuminate/Foundation/Http/Kernel.php(176): October\Rain\Router\CoreRouter->dispatch()
#37 /var/www/cis-web-site.localhost/vendor/laravel/framework/src/Illuminate/Routing/Pipeline.php(30): Illuminate\Foundation\Http\Kernel->Illuminate\Foundation\Http\{closure}()
#38 /var/www/cis-web-site.localhost/vendor/laravel/framework/src/Illuminate/Foundation/Http/Middleware/CheckForMaintenanceMode.php(46): Illuminate\Routing\Pipeline->Illuminate\Routing\{closure}()
#39 /var/www/cis-web-site.localhost/vendor/october/rain/src/Foundation/Http/Middleware/CheckForMaintenanceMode.php(25): Illuminate\Foundation\Http\Middleware\CheckForMaintenanceMode->handle()
#40 /var/www/cis-web-site.localhost/vendor/laravel/framework/src/Illuminate/Pipeline/Pipeline.php(149): October\Rain\Foundation\Http\Middleware\CheckForMaintenanceMode->handle()
#41 /var/www/cis-web-site.localhost/vendor/laravel/framework/src/Illuminate/Routing/Pipeline.php(53): Illuminate\Pipeline\Pipeline->Illuminate\Pipeline\{closure}()
#42 /var/www/cis-web-site.localhost/vendor/october/rain/src/Http/Middleware/TrustHosts.php(46): Illuminate\Routing\Pipeline->Illuminate\Routing\{closure}()
#43 /var/www/cis-web-site.localhost/vendor/laravel/framework/src/Illuminate/Pipeline/Pipeline.php(149): October\Rain\Http\Middleware\TrustHosts->handle()
#44 /var/www/cis-web-site.localhost/vendor/laravel/framework/src/Illuminate/Routing/Pipeline.php(53): Illuminate\Pipeline\Pipeline->Illuminate\Pipeline\{closure}()
#45 /var/www/cis-web-site.localhost/vendor/laravel/framework/src/Illuminate/Pipeline/Pipeline.php(102): Illuminate\Routing\Pipeline->Illuminate\Routing\{closure}()
#46 /var/www/cis-web-site.localhost/vendor/laravel/framework/src/Illuminate/Foundation/Http/Kernel.php(151): Illuminate\Pipeline\Pipeline->then()
#47 /var/www/cis-web-site.localhost/vendor/laravel/framework/src/Illuminate/Foundation/Http/Kernel.php(116): Illuminate\Foundation\Http\Kernel->sendRequestThroughRouter()
#48 /var/www/cis-web-site.localhost/index.php(43): Illuminate\Foundation\Http\Kernel->handle()
#49 {main}  
[2021-06-10 01:31:04] development.ERROR: Twig\Error\SyntaxError: Unexpected character "'" in "/var/www/cis-web-site.localhost/themes/cis/partials/footer.htm" at line 7. in /var/www/cis-web-site.localhost/vendor/twig/twig/src/Lexer.php:365
Stack trace:
#0 /var/www/cis-web-site.localhost/vendor/twig/twig/src/Lexer.php(292): Twig\Lexer->lexExpression()
#1 /var/www/cis-web-site.localhost/vendor/twig/twig/src/Lexer.php(186): Twig\Lexer->lexVar()
#2 /var/www/cis-web-site.localhost/vendor/twig/twig/src/Environment.php(542): Twig\Lexer->tokenize()
#3 /var/www/cis-web-site.localhost/vendor/twig/twig/src/Environment.php(595): Twig\Environment->tokenize()
#4 /var/www/cis-web-site.localhost/vendor/twig/twig/src/Environment.php(408): Twig\Environment->compileSource()
#5 /var/www/cis-web-site.localhost/vendor/twig/twig/src/Environment.php(381): Twig\Environment->loadClass()
#6 /var/www/cis-web-site.localhost/modules/cms/classes/Controller.php(1087): Twig\Environment->loadTemplate()
#7 /var/www/cis-web-site.localhost/modules/cms/twig/Extension.php(102): Cms\Classes\Controller->renderPartial()
#8 /var/www/cis-web-site.localhost/storage/cms/twig/73/73bff19844750453990b1e5fdefe841bb0f97080440af7f3d0dd269dd2a2895a.php(694): Cms\Twig\Extension->partialFunction()
#9 /var/www/cis-web-site.localhost/vendor/twig/twig/src/Template.php(405): __TwigTemplate_e3c26abe61867a35fd2958718015bcb17bf28941f68d71924a3d7aaadc7f81a7->doDisplay()
#10 /var/www/cis-web-site.localhost/vendor/twig/twig/src/Template.php(378): Twig\Template->displayWithErrorHandling()
#11 /var/www/cis-web-site.localhost/vendor/twig/twig/src/Template.php(390): Twig\Template->display()
#12 /var/www/cis-web-site.localhost/modules/cms/classes/Controller.php(435): Twig\Template->render()
#13 /var/www/cis-web-site.localhost/modules/cms/classes/Controller.php(225): Cms\Classes\Controller->runPage()
#14 /var/www/cis-web-site.localhost/modules/cms/classes/CmsController.php(50): Cms\Classes\Controller->run()
#15 [internal function]: Cms\Classes\CmsController->run()
#16 /var/www/cis-web-site.localhost/vendor/laravel/framework/src/Illuminate/Routing/Controller.php(54): call_user_func_array()
#17 /var/www/cis-web-site.localhost/vendor/laravel/framework/src/Illuminate/Routing/ControllerDispatcher.php(45): Illuminate\Routing\Controller->callAction()
#18 /var/www/cis-web-site.localhost/vendor/laravel/framework/src/Illuminate/Routing/Route.php(212): Illuminate\Routing\ControllerDispatcher->dispatch()
#19 /var/www/cis-web-site.localhost/vendor/laravel/framework/src/Illuminate/Routing/Route.php(169): Illuminate\Routing\Route->runController()
#20 /var/www/cis-web-site.localhost/vendor/laravel/framework/src/Illuminate/Routing/Router.php(658): Illuminate\Routing\Route->run()
#21 /var/www/cis-web-site.localhost/vendor/laravel/framework/src/Illuminate/Routing/Pipeline.php(30): Illuminate\Routing\Router->Illuminate\Routing\{closure}()
#22 /var/www/cis-web-site.localhost/vendor/laravel/framework/src/Illuminate/Routing/Middleware/SubstituteBindings.php(41): Illuminate\Routing\Pipeline->Illuminate\Routing\{closure}()
#23 /var/www/cis-web-site.localhost/vendor/laravel/framework/src/Illuminate/Pipeline/Pipeline.php(149): Illuminate\Routing\Middleware\SubstituteBindings->handle()
#24 /var/www/cis-web-site.localhost/vendor/laravel/framework/src/Illuminate/Routing/Pipeline.php(53): Illuminate\Pipeline\Pipeline->Illuminate\Pipeline\{closure}()
#25 /var/www/cis-web-site.localhost/vendor/laravel/framework/src/Illuminate/View/Middleware/ShareErrorsFromSession.php(49): Illuminate\Routing\Pipeline->Illuminate\Routing\{closure}()
#26 /var/www/cis-web-site.localhost/vendor/laravel/framework/src/Illuminate/Pipeline/Pipeline.php(149): Illuminate\View\Middleware\ShareErrorsFromSession->handle()
#27 /var/www/cis-web-site.localhost/vendor/laravel/framework/src/Illuminate/Routing/Pipeline.php(53): Illuminate\Pipeline\Pipeline->Illuminate\Pipeline\{closure}()
#28 /var/www/cis-web-site.localhost/vendor/laravel/framework/src/Illuminate/Session/Middleware/StartSession.php(63): Illuminate\Routing\Pipeline->Illuminate\Routing\{closure}()
#29 /var/www/cis-web-site.localhost/vendor/laravel/framework/src/Illuminate/Pipeline/Pipeline.php(149): Illuminate\Session\Middleware\StartSession->handle()
#30 /var/www/cis-web-site.localhost/vendor/laravel/framework/src/Illuminate/Routing/Pipeline.php(53): Illuminate\Pipeline\Pipeline->Illuminate\Pipeline\{closure}()
#31 /var/www/cis-web-site.localhost/vendor/laravel/framework/src/Illuminate/Cookie/Middleware/AddQueuedCookiesToResponse.php(37): Illuminate\Routing\Pipeline->Illuminate\Routing\{closure}()
#32 /var/www/cis-web-site.localhost/vendor/laravel/framework/src/Illuminate/Pipeline/Pipeline.php(149): Illuminate\Cookie\Middleware\AddQueuedCookiesToResponse->handle()
#33 /var/www/cis-web-site.localhost/vendor/laravel/framework/src/Illuminate/Routing/Pipeline.php(53): Illuminate\Pipeline\Pipeline->Illuminate\Pipeline\{closure}()
#34 /var/www/cis-web-site.localhost/vendor/laravel/framework/src/Illuminate/Cookie/Middleware/EncryptCookies.php(68): Illuminate\Routing\Pipeline->Illuminate\Routing\{closure}()
#35 /var/www/cis-web-site.localhost/vendor/laravel/framework/src/Illuminate/Pipeline/Pipeline.php(149): Illuminate\Cookie\Middleware\EncryptCookies->handle()
#36 /var/www/cis-web-site.localhost/vendor/laravel/framework/src/Illuminate/Routing/Pipeline.php(53): Illuminate\Pipeline\Pipeline->Illuminate\Pipeline\{closure}()
#37 /var/www/cis-web-site.localhost/vendor/laravel/framework/src/Illuminate/Pipeline/Pipeline.php(102): Illuminate\Routing\Pipeline->Illuminate\Routing\{closure}()
#38 /var/www/cis-web-site.localhost/vendor/laravel/framework/src/Illuminate/Routing/Router.php(660): Illuminate\Pipeline\Pipeline->then()
#39 /var/www/cis-web-site.localhost/vendor/laravel/framework/src/Illuminate/Routing/Router.php(635): Illuminate\Routing\Router->runRouteWithinStack()
#40 /var/www/cis-web-site.localhost/vendor/laravel/framework/src/Illuminate/Routing/Router.php(601): Illuminate\Routing\Router->runRoute()
#41 /var/www/cis-web-site.localhost/vendor/october/rain/src/Router/CoreRouter.php(20): Illuminate\Routing\Router->dispatchToRoute()
#42 /var/www/cis-web-site.localhost/vendor/laravel/framework/src/Illuminate/Foundation/Http/Kernel.php(176): October\Rain\Router\CoreRouter->dispatch()
#43 /var/www/cis-web-site.localhost/vendor/laravel/framework/src/Illuminate/Routing/Pipeline.php(30): Illuminate\Foundation\Http\Kernel->Illuminate\Foundation\Http\{closure}()
#44 /var/www/cis-web-site.localhost/vendor/laravel/framework/src/Illuminate/Foundation/Http/Middleware/CheckForMaintenanceMode.php(46): Illuminate\Routing\Pipeline->Illuminate\Routing\{closure}()
#45 /var/www/cis-web-site.localhost/vendor/october/rain/src/Foundation/Http/Middleware/CheckForMaintenanceMode.php(25): Illuminate\Foundation\Http\Middleware\CheckForMaintenanceMode->handle()
#46 /var/www/cis-web-site.localhost/vendor/laravel/framework/src/Illuminate/Pipeline/Pipeline.php(149): October\Rain\Foundation\Http\Middleware\CheckForMaintenanceMode->handle()
#47 /var/www/cis-web-site.localhost/vendor/laravel/framework/src/Illuminate/Routing/Pipeline.php(53): Illuminate\Pipeline\Pipeline->Illuminate\Pipeline\{closure}()
#48 /var/www/cis-web-site.localhost/vendor/october/rain/src/Http/Middleware/TrustHosts.php(46): Illuminate\Routing\Pipeline->Illuminate\Routing\{closure}()
#49 /var/www/cis-web-site.localhost/vendor/laravel/framework/src/Illuminate/Pipeline/Pipeline.php(149): October\Rain\Http\Middleware\TrustHosts->handle()
#50 /var/www/cis-web-site.localhost/vendor/laravel/framework/src/Illuminate/Routing/Pipeline.php(53): Illuminate\Pipeline\Pipeline->Illuminate\Pipeline\{closure}()
#51 /var/www/cis-web-site.localhost/vendor/laravel/framework/src/Illuminate/Pipeline/Pipeline.php(102): Illuminate\Routing\Pipeline->Illuminate\Routing\{closure}()
#52 /var/www/cis-web-site.localhost/vendor/laravel/framework/src/Illuminate/Foundation/Http/Kernel.php(151): Illuminate\Pipeline\Pipeline->then()
#53 /var/www/cis-web-site.localhost/vendor/laravel/framework/src/Illuminate/Foundation/Http/Kernel.php(116): Illuminate\Foundation\Http\Kernel->sendRequestThroughRouter()
#54 /var/www/cis-web-site.localhost/index.php(43): Illuminate\Foundation\Http\Kernel->handle()
#55 {main}  
[2021-06-10 10:12:43] development.ERROR: Symfony\Component\Console\Exception\CommandNotFoundException: There are no commands defined in the "serve" namespace. in /var/www/cis-web-site.localhost/vendor/symfony/console/Application.php:579
Stack trace:
#0 /var/www/cis-web-site.localhost/vendor/symfony/console/Application.php(632): Symfony\Component\Console\Application->findNamespace()
#1 /var/www/cis-web-site.localhost/vendor/symfony/console/Application.php(236): Symfony\Component\Console\Application->find()
#2 /var/www/cis-web-site.localhost/vendor/symfony/console/Application.php(148): Symfony\Component\Console\Application->doRun()
#3 /var/www/cis-web-site.localhost/vendor/laravel/framework/src/Illuminate/Console/Application.php(88): Symfony\Component\Console\Application->run()
#4 /var/www/cis-web-site.localhost/vendor/laravel/framework/src/Illuminate/Foundation/Console/Kernel.php(121): Illuminate\Console\Application->run()
#5 /var/www/cis-web-site.localhost/artisan(35): Illuminate\Foundation\Console\Kernel->handle()
#6 {main}  
[2021-06-10 10:12:55] development.ERROR: Symfony\Component\Console\Exception\RuntimeException: The "--port:8900" option does not exist. in /var/www/cis-web-site.localhost/vendor/symfony/console/Input/ArgvInput.php:221
Stack trace:
#0 /var/www/cis-web-site.localhost/vendor/symfony/console/Input/ArgvInput.php(157): Symfony\Component\Console\Input\ArgvInput->addLongOption()
#1 /var/www/cis-web-site.localhost/vendor/symfony/console/Input/ArgvInput.php(80): Symfony\Component\Console\Input\ArgvInput->parseLongOption()
#2 /var/www/cis-web-site.localhost/vendor/symfony/console/Input/Input.php(55): Symfony\Component\Console\Input\ArgvInput->parse()
#3 /var/www/cis-web-site.localhost/vendor/symfony/console/Command/Command.php(214): Symfony\Component\Console\Input\Input->bind()
#4 /var/www/cis-web-site.localhost/vendor/laravel/framework/src/Illuminate/Console/Command.php(170): Symfony\Component\Console\Command\Command->run()
#5 /var/www/cis-web-site.localhost/vendor/symfony/console/Application.php(992): Illuminate\Console\Command->run()
#6 /var/www/cis-web-site.localhost/vendor/symfony/console/Application.php(255): Symfony\Component\Console\Application->doRunCommand()
#7 /var/www/cis-web-site.localhost/vendor/symfony/console/Application.php(148): Symfony\Component\Console\Application->doRun()
#8 /var/www/cis-web-site.localhost/vendor/laravel/framework/src/Illuminate/Console/Application.php(88): Symfony\Component\Console\Application->run()
#9 /var/www/cis-web-site.localhost/vendor/laravel/framework/src/Illuminate/Foundation/Console/Kernel.php(121): Illuminate\Console\Application->run()
#10 /var/www/cis-web-site.localhost/artisan(35): Illuminate\Foundation\Console\Kernel->handle()
#11 {main}  
[2021-06-10 23:26:10] development.ERROR: Twig\Error\SyntaxError: Unknown "thme" filter. Did you mean "theme" in "/var/www/cis-web-site.localhost/themes/cis/partials/header.htm" at line 28? in /var/www/cis-web-site.localhost/vendor/twig/twig/src/ExpressionParser.php:788
Stack trace:
#0 /var/www/cis-web-site.localhost/vendor/twig/twig/src/ExpressionParser.php(563): Twig\ExpressionParser->getFilterNodeClass()
#1 /var/www/cis-web-site.localhost/vendor/twig/twig/src/ExpressionParser.php(548): Twig\ExpressionParser->parseFilterExpressionRaw()
#2 /var/www/cis-web-site.localhost/vendor/twig/twig/src/ExpressionParser.php(406): Twig\ExpressionParser->parseFilterExpression()
#3 /var/www/cis-web-site.localhost/vendor/twig/twig/src/ExpressionParser.php(289): Twig\ExpressionParser->parsePostfixExpression()
#4 /var/www/cis-web-site.localhost/vendor/twig/twig/src/ExpressionParser.php(175): Twig\ExpressionParser->parsePrimaryExpression()
#5 /var/www/cis-web-site.localhost/vendor/twig/twig/src/ExpressionParser.php(70): Twig\ExpressionParser->getPrimary()
#6 /var/www/cis-web-site.localhost/vendor/twig/twig/src/Parser.php(142): Twig\ExpressionParser->parseExpression()
#7 /var/www/cis-web-site.localhost/vendor/twig/twig/src/Parser.php(98): Twig\Parser->subparse()
#8 /var/www/cis-web-site.localhost/vendor/twig/twig/src/Environment.php(563): Twig\Parser->parse()
#9 /var/www/cis-web-site.localhost/vendor/twig/twig/src/Environment.php(595): Twig\Environment->parse()
#10 /var/www/cis-web-site.localhost/vendor/twig/twig/src/Environment.php(408): Twig\Environment->compileSource()
#11 /var/www/cis-web-site.localhost/vendor/twig/twig/src/Environment.php(381): Twig\Environment->loadClass()
#12 /var/www/cis-web-site.localhost/modules/cms/classes/Controller.php(1087): Twig\Environment->loadTemplate()
#13 /var/www/cis-web-site.localhost/modules/cms/twig/Extension.php(102): Cms\Classes\Controller->renderPartial()
#14 /var/www/cis-web-site.localhost/storage/cms/twig/73/73bff19844750453990b1e5fdefe841bb0f97080440af7f3d0dd269dd2a2895a.php(132): Cms\Twig\Extension->partialFunction()
#15 /var/www/cis-web-site.localhost/vendor/twig/twig/src/Template.php(405): __TwigTemplate_e3c26abe61867a35fd2958718015bcb17bf28941f68d71924a3d7aaadc7f81a7->doDisplay()
#16 /var/www/cis-web-site.localhost/vendor/twig/twig/src/Template.php(378): Twig\Template->displayWithErrorHandling()
#17 /var/www/cis-web-site.localhost/vendor/twig/twig/src/Template.php(390): Twig\Template->display()
#18 /var/www/cis-web-site.localhost/modules/cms/classes/Controller.php(435): Twig\Template->render()
#19 /var/www/cis-web-site.localhost/modules/cms/classes/Controller.php(225): Cms\Classes\Controller->runPage()
#20 /var/www/cis-web-site.localhost/modules/cms/classes/CmsController.php(50): Cms\Classes\Controller->run()
#21 [internal function]: Cms\Classes\CmsController->run()
#22 /var/www/cis-web-site.localhost/vendor/laravel/framework/src/Illuminate/Routing/Controller.php(54): call_user_func_array()
#23 /var/www/cis-web-site.localhost/vendor/laravel/framework/src/Illuminate/Routing/ControllerDispatcher.php(45): Illuminate\Routing\Controller->callAction()
#24 /var/www/cis-web-site.localhost/vendor/laravel/framework/src/Illuminate/Routing/Route.php(212): Illuminate\Routing\ControllerDispatcher->dispatch()
#25 /var/www/cis-web-site.localhost/vendor/laravel/framework/src/Illuminate/Routing/Route.php(169): Illuminate\Routing\Route->runController()
#26 /var/www/cis-web-site.localhost/vendor/laravel/framework/src/Illuminate/Routing/Router.php(658): Illuminate\Routing\Route->run()
#27 /var/www/cis-web-site.localhost/vendor/laravel/framework/src/Illuminate/Routing/Pipeline.php(30): Illuminate\Routing\Router->Illuminate\Routing\{closure}()
#28 /var/www/cis-web-site.localhost/vendor/laravel/framework/src/Illuminate/Routing/Middleware/SubstituteBindings.php(41): Illuminate\Routing\Pipeline->Illuminate\Routing\{closure}()
#29 /var/www/cis-web-site.localhost/vendor/laravel/framework/src/Illuminate/Pipeline/Pipeline.php(149): Illuminate\Routing\Middleware\SubstituteBindings->handle()
#30 /var/www/cis-web-site.localhost/vendor/laravel/framework/src/Illuminate/Routing/Pipeline.php(53): Illuminate\Pipeline\Pipeline->Illuminate\Pipeline\{closure}()
#31 /var/www/cis-web-site.localhost/vendor/laravel/framework/src/Illuminate/View/Middleware/ShareErrorsFromSession.php(49): Illuminate\Routing\Pipeline->Illuminate\Routing\{closure}()
#32 /var/www/cis-web-site.localhost/vendor/laravel/framework/src/Illuminate/Pipeline/Pipeline.php(149): Illuminate\View\Middleware\ShareErrorsFromSession->handle()
#33 /var/www/cis-web-site.localhost/vendor/laravel/framework/src/Illuminate/Routing/Pipeline.php(53): Illuminate\Pipeline\Pipeline->Illuminate\Pipeline\{closure}()
#34 /var/www/cis-web-site.localhost/vendor/laravel/framework/src/Illuminate/Session/Middleware/StartSession.php(63): Illuminate\Routing\Pipeline->Illuminate\Routing\{closure}()
#35 /var/www/cis-web-site.localhost/vendor/laravel/framework/src/Illuminate/Pipeline/Pipeline.php(149): Illuminate\Session\Middleware\StartSession->handle()
#36 /var/www/cis-web-site.localhost/vendor/laravel/framework/src/Illuminate/Routing/Pipeline.php(53): Illuminate\Pipeline\Pipeline->Illuminate\Pipeline\{closure}()
#37 /var/www/cis-web-site.localhost/vendor/laravel/framework/src/Illuminate/Cookie/Middleware/AddQueuedCookiesToResponse.php(37): Illuminate\Routing\Pipeline->Illuminate\Routing\{closure}()
#38 /var/www/cis-web-site.localhost/vendor/laravel/framework/src/Illuminate/Pipeline/Pipeline.php(149): Illuminate\Cookie\Middleware\AddQueuedCookiesToResponse->handle()
#39 /var/www/cis-web-site.localhost/vendor/laravel/framework/src/Illuminate/Routing/Pipeline.php(53): Illuminate\Pipeline\Pipeline->Illuminate\Pipeline\{closure}()
#40 /var/www/cis-web-site.localhost/vendor/laravel/framework/src/Illuminate/Cookie/Middleware/EncryptCookies.php(68): Illuminate\Routing\Pipeline->Illuminate\Routing\{closure}()
#41 /var/www/cis-web-site.localhost/vendor/laravel/framework/src/Illuminate/Pipeline/Pipeline.php(149): Illuminate\Cookie\Middleware\EncryptCookies->handle()
#42 /var/www/cis-web-site.localhost/vendor/laravel/framework/src/Illuminate/Routing/Pipeline.php(53): Illuminate\Pipeline\Pipeline->Illuminate\Pipeline\{closure}()
#43 /var/www/cis-web-site.localhost/vendor/laravel/framework/src/Illuminate/Pipeline/Pipeline.php(102): Illuminate\Routing\Pipeline->Illuminate\Routing\{closure}()
#44 /var/www/cis-web-site.localhost/vendor/laravel/framework/src/Illuminate/Routing/Router.php(660): Illuminate\Pipeline\Pipeline->then()
#45 /var/www/cis-web-site.localhost/vendor/laravel/framework/src/Illuminate/Routing/Router.php(635): Illuminate\Routing\Router->runRouteWithinStack()
#46 /var/www/cis-web-site.localhost/vendor/laravel/framework/src/Illuminate/Routing/Router.php(601): Illuminate\Routing\Router->runRoute()
#47 /var/www/cis-web-site.localhost/vendor/october/rain/src/Router/CoreRouter.php(20): Illuminate\Routing\Router->dispatchToRoute()
#48 /var/www/cis-web-site.localhost/vendor/laravel/framework/src/Illuminate/Foundation/Http/Kernel.php(176): October\Rain\Router\CoreRouter->dispatch()
#49 /var/www/cis-web-site.localhost/vendor/laravel/framework/src/Illuminate/Routing/Pipeline.php(30): Illuminate\Foundation\Http\Kernel->Illuminate\Foundation\Http\{closure}()
#50 /var/www/cis-web-site.localhost/vendor/laravel/framework/src/Illuminate/Foundation/Http/Middleware/CheckForMaintenanceMode.php(46): Illuminate\Routing\Pipeline->Illuminate\Routing\{closure}()
#51 /var/www/cis-web-site.localhost/vendor/october/rain/src/Foundation/Http/Middleware/CheckForMaintenanceMode.php(25): Illuminate\Foundation\Http\Middleware\CheckForMaintenanceMode->handle()
#52 /var/www/cis-web-site.localhost/vendor/laravel/framework/src/Illuminate/Pipeline/Pipeline.php(149): October\Rain\Foundation\Http\Middleware\CheckForMaintenanceMode->handle()
#53 /var/www/cis-web-site.localhost/vendor/laravel/framework/src/Illuminate/Routing/Pipeline.php(53): Illuminate\Pipeline\Pipeline->Illuminate\Pipeline\{closure}()
#54 /var/www/cis-web-site.localhost/vendor/october/rain/src/Http/Middleware/TrustHosts.php(46): Illuminate\Routing\Pipeline->Illuminate\Routing\{closure}()
#55 /var/www/cis-web-site.localhost/vendor/laravel/framework/src/Illuminate/Pipeline/Pipeline.php(149): October\Rain\Http\Middleware\TrustHosts->handle()
#56 /var/www/cis-web-site.localhost/vendor/laravel/framework/src/Illuminate/Routing/Pipeline.php(53): Illuminate\Pipeline\Pipeline->Illuminate\Pipeline\{closure}()
#57 /var/www/cis-web-site.localhost/vendor/laravel/framework/src/Illuminate/Pipeline/Pipeline.php(102): Illuminate\Routing\Pipeline->Illuminate\Routing\{closure}()
#58 /var/www/cis-web-site.localhost/vendor/laravel/framework/src/Illuminate/Foundation/Http/Kernel.php(151): Illuminate\Pipeline\Pipeline->then()
#59 /var/www/cis-web-site.localhost/vendor/laravel/framework/src/Illuminate/Foundation/Http/Kernel.php(116): Illuminate\Foundation\Http\Kernel->sendRequestThroughRouter()
#60 /var/www/cis-web-site.localhost/index.php(43): Illuminate\Foundation\Http\Kernel->handle()
#61 /var/www/cis-web-site.localhost/server.php(17): require_once('/var/www/cis-we...')
#62 {main}  
[2021-06-11 00:48:33] development.ERROR: Twig\Error\SyntaxError: Unknown "page" filter. Did you mean "page" in "/var/www/cis-web-site.localhost/themes/cis/pages/presentation.htm" at line 12? in /var/www/cis-web-site.localhost/vendor/twig/twig/src/ExpressionParser.php:788
Stack trace:
#0 /var/www/cis-web-site.localhost/vendor/twig/twig/src/ExpressionParser.php(563): Twig\ExpressionParser->getFilterNodeClass()
#1 /var/www/cis-web-site.localhost/vendor/twig/twig/src/ExpressionParser.php(548): Twig\ExpressionParser->parseFilterExpressionRaw()
#2 /var/www/cis-web-site.localhost/vendor/twig/twig/src/ExpressionParser.php(406): Twig\ExpressionParser->parseFilterExpression()
#3 /var/www/cis-web-site.localhost/vendor/twig/twig/src/ExpressionParser.php(289): Twig\ExpressionParser->parsePostfixExpression()
#4 /var/www/cis-web-site.localhost/vendor/twig/twig/src/ExpressionParser.php(175): Twig\ExpressionParser->parsePrimaryExpression()
#5 /var/www/cis-web-site.localhost/vendor/twig/twig/src/ExpressionParser.php(70): Twig\ExpressionParser->getPrimary()
#6 /var/www/cis-web-site.localhost/vendor/twig/twig/src/Parser.php(142): Twig\ExpressionParser->parseExpression()
#7 /var/www/cis-web-site.localhost/vendor/twig/twig/src/Parser.php(98): Twig\Parser->subparse()
#8 /var/www/cis-web-site.localhost/vendor/twig/twig/src/Environment.php(563): Twig\Parser->parse()
#9 /var/www/cis-web-site.localhost/vendor/twig/twig/src/Environment.php(595): Twig\Environment->parse()
#10 /var/www/cis-web-site.localhost/vendor/twig/twig/src/Environment.php(408): Twig\Environment->compileSource()
#11 /var/www/cis-web-site.localhost/vendor/twig/twig/src/Environment.php(381): Twig\Environment->loadClass()
#12 /var/www/cis-web-site.localhost/modules/cms/classes/Controller.php(424): Twig\Environment->loadTemplate()
#13 /var/www/cis-web-site.localhost/modules/cms/classes/Controller.php(225): Cms\Classes\Controller->runPage()
#14 /var/www/cis-web-site.localhost/modules/cms/classes/CmsController.php(50): Cms\Classes\Controller->run()
#15 [internal function]: Cms\Classes\CmsController->run()
#16 /var/www/cis-web-site.localhost/vendor/laravel/framework/src/Illuminate/Routing/Controller.php(54): call_user_func_array()
#17 /var/www/cis-web-site.localhost/vendor/laravel/framework/src/Illuminate/Routing/ControllerDispatcher.php(45): Illuminate\Routing\Controller->callAction()
#18 /var/www/cis-web-site.localhost/vendor/laravel/framework/src/Illuminate/Routing/Route.php(212): Illuminate\Routing\ControllerDispatcher->dispatch()
#19 /var/www/cis-web-site.localhost/vendor/laravel/framework/src/Illuminate/Routing/Route.php(169): Illuminate\Routing\Route->runController()
#20 /var/www/cis-web-site.localhost/vendor/laravel/framework/src/Illuminate/Routing/Router.php(658): Illuminate\Routing\Route->run()
#21 /var/www/cis-web-site.localhost/vendor/laravel/framework/src/Illuminate/Routing/Pipeline.php(30): Illuminate\Routing\Router->Illuminate\Routing\{closure}()
#22 /var/www/cis-web-site.localhost/vendor/laravel/framework/src/Illuminate/Routing/Middleware/SubstituteBindings.php(41): Illuminate\Routing\Pipeline->Illuminate\Routing\{closure}()
#23 /var/www/cis-web-site.localhost/vendor/laravel/framework/src/Illuminate/Pipeline/Pipeline.php(149): Illuminate\Routing\Middleware\SubstituteBindings->handle()
#24 /var/www/cis-web-site.localhost/vendor/laravel/framework/src/Illuminate/Routing/Pipeline.php(53): Illuminate\Pipeline\Pipeline->Illuminate\Pipeline\{closure}()
#25 /var/www/cis-web-site.localhost/vendor/laravel/framework/src/Illuminate/View/Middleware/ShareErrorsFromSession.php(49): Illuminate\Routing\Pipeline->Illuminate\Routing\{closure}()
#26 /var/www/cis-web-site.localhost/vendor/laravel/framework/src/Illuminate/Pipeline/Pipeline.php(149): Illuminate\View\Middleware\ShareErrorsFromSession->handle()
#27 /var/www/cis-web-site.localhost/vendor/laravel/framework/src/Illuminate/Routing/Pipeline.php(53): Illuminate\Pipeline\Pipeline->Illuminate\Pipeline\{closure}()
#28 /var/www/cis-web-site.localhost/vendor/laravel/framework/src/Illuminate/Session/Middleware/StartSession.php(63): Illuminate\Routing\Pipeline->Illuminate\Routing\{closure}()
#29 /var/www/cis-web-site.localhost/vendor/laravel/framework/src/Illuminate/Pipeline/Pipeline.php(149): Illuminate\Session\Middleware\StartSession->handle()
#30 /var/www/cis-web-site.localhost/vendor/laravel/framework/src/Illuminate/Routing/Pipeline.php(53): Illuminate\Pipeline\Pipeline->Illuminate\Pipeline\{closure}()
#31 /var/www/cis-web-site.localhost/vendor/laravel/framework/src/Illuminate/Cookie/Middleware/AddQueuedCookiesToResponse.php(37): Illuminate\Routing\Pipeline->Illuminate\Routing\{closure}()
#32 /var/www/cis-web-site.localhost/vendor/laravel/framework/src/Illuminate/Pipeline/Pipeline.php(149): Illuminate\Cookie\Middleware\AddQueuedCookiesToResponse->handle()
#33 /var/www/cis-web-site.localhost/vendor/laravel/framework/src/Illuminate/Routing/Pipeline.php(53): Illuminate\Pipeline\Pipeline->Illuminate\Pipeline\{closure}()
#34 /var/www/cis-web-site.localhost/vendor/laravel/framework/src/Illuminate/Cookie/Middleware/EncryptCookies.php(68): Illuminate\Routing\Pipeline->Illuminate\Routing\{closure}()
#35 /var/www/cis-web-site.localhost/vendor/laravel/framework/src/Illuminate/Pipeline/Pipeline.php(149): Illuminate\Cookie\Middleware\EncryptCookies->handle()
#36 /var/www/cis-web-site.localhost/vendor/laravel/framework/src/Illuminate/Routing/Pipeline.php(53): Illuminate\Pipeline\Pipeline->Illuminate\Pipeline\{closure}()
#37 /var/www/cis-web-site.localhost/vendor/laravel/framework/src/Illuminate/Pipeline/Pipeline.php(102): Illuminate\Routing\Pipeline->Illuminate\Routing\{closure}()
#38 /var/www/cis-web-site.localhost/vendor/laravel/framework/src/Illuminate/Routing/Router.php(660): Illuminate\Pipeline\Pipeline->then()
#39 /var/www/cis-web-site.localhost/vendor/laravel/framework/src/Illuminate/Routing/Router.php(635): Illuminate\Routing\Router->runRouteWithinStack()
#40 /var/www/cis-web-site.localhost/vendor/laravel/framework/src/Illuminate/Routing/Router.php(601): Illuminate\Routing\Router->runRoute()
#41 /var/www/cis-web-site.localhost/vendor/october/rain/src/Router/CoreRouter.php(20): Illuminate\Routing\Router->dispatchToRoute()
#42 /var/www/cis-web-site.localhost/vendor/laravel/framework/src/Illuminate/Foundation/Http/Kernel.php(176): October\Rain\Router\CoreRouter->dispatch()
#43 /var/www/cis-web-site.localhost/vendor/laravel/framework/src/Illuminate/Routing/Pipeline.php(30): Illuminate\Foundation\Http\Kernel->Illuminate\Foundation\Http\{closure}()
#44 /var/www/cis-web-site.localhost/vendor/laravel/framework/src/Illuminate/Foundation/Http/Middleware/CheckForMaintenanceMode.php(46): Illuminate\Routing\Pipeline->Illuminate\Routing\{closure}()
#45 /var/www/cis-web-site.localhost/vendor/october/rain/src/Foundation/Http/Middleware/CheckForMaintenanceMode.php(25): Illuminate\Foundation\Http\Middleware\CheckForMaintenanceMode->handle()
#46 /var/www/cis-web-site.localhost/vendor/laravel/framework/src/Illuminate/Pipeline/Pipeline.php(149): October\Rain\Foundation\Http\Middleware\CheckForMaintenanceMode->handle()
#47 /var/www/cis-web-site.localhost/vendor/laravel/framework/src/Illuminate/Routing/Pipeline.php(53): Illuminate\Pipeline\Pipeline->Illuminate\Pipeline\{closure}()
#48 /var/www/cis-web-site.localhost/vendor/october/rain/src/Http/Middleware/TrustHosts.php(46): Illuminate\Routing\Pipeline->Illuminate\Routing\{closure}()
#49 /var/www/cis-web-site.localhost/vendor/laravel/framework/src/Illuminate/Pipeline/Pipeline.php(149): October\Rain\Http\Middleware\TrustHosts->handle()
#50 /var/www/cis-web-site.localhost/vendor/laravel/framework/src/Illuminate/Routing/Pipeline.php(53): Illuminate\Pipeline\Pipeline->Illuminate\Pipeline\{closure}()
#51 /var/www/cis-web-site.localhost/vendor/laravel/framework/src/Illuminate/Pipeline/Pipeline.php(102): Illuminate\Routing\Pipeline->Illuminate\Routing\{closure}()
#52 /var/www/cis-web-site.localhost/vendor/laravel/framework/src/Illuminate/Foundation/Http/Kernel.php(151): Illuminate\Pipeline\Pipeline->then()
#53 /var/www/cis-web-site.localhost/vendor/laravel/framework/src/Illuminate/Foundation/Http/Kernel.php(116): Illuminate\Foundation\Http\Kernel->sendRequestThroughRouter()
#54 /var/www/cis-web-site.localhost/index.php(43): Illuminate\Foundation\Http\Kernel->handle()
#55 /var/www/cis-web-site.localhost/server.php(17): require_once('/var/www/cis-we...')
#56 {main}  
[2021-06-11 00:49:04] development.ERROR: Twig\Error\SyntaxError: Unknown "page" filter. Did you mean "page" in "/var/www/cis-web-site.localhost/themes/cis/pages/presentation.htm" at line 12? in /var/www/cis-web-site.localhost/vendor/twig/twig/src/ExpressionParser.php:788
Stack trace:
#0 /var/www/cis-web-site.localhost/vendor/twig/twig/src/ExpressionParser.php(563): Twig\ExpressionParser->getFilterNodeClass()
#1 /var/www/cis-web-site.localhost/vendor/twig/twig/src/ExpressionParser.php(548): Twig\ExpressionParser->parseFilterExpressionRaw()
#2 /var/www/cis-web-site.localhost/vendor/twig/twig/src/ExpressionParser.php(406): Twig\ExpressionParser->parseFilterExpression()
#3 /var/www/cis-web-site.localhost/vendor/twig/twig/src/ExpressionParser.php(289): Twig\ExpressionParser->parsePostfixExpression()
#4 /var/www/cis-web-site.localhost/vendor/twig/twig/src/ExpressionParser.php(175): Twig\ExpressionParser->parsePrimaryExpression()
#5 /var/www/cis-web-site.localhost/vendor/twig/twig/src/ExpressionParser.php(70): Twig\ExpressionParser->getPrimary()
#6 /var/www/cis-web-site.localhost/vendor/twig/twig/src/Parser.php(142): Twig\ExpressionParser->parseExpression()
#7 /var/www/cis-web-site.localhost/vendor/twig/twig/src/Parser.php(98): Twig\Parser->subparse()
#8 /var/www/cis-web-site.localhost/vendor/twig/twig/src/Environment.php(563): Twig\Parser->parse()
#9 /var/www/cis-web-site.localhost/vendor/twig/twig/src/Environment.php(595): Twig\Environment->parse()
#10 /var/www/cis-web-site.localhost/vendor/twig/twig/src/Environment.php(408): Twig\Environment->compileSource()
#11 /var/www/cis-web-site.localhost/vendor/twig/twig/src/Environment.php(381): Twig\Environment->loadClass()
#12 /var/www/cis-web-site.localhost/modules/cms/classes/Controller.php(424): Twig\Environment->loadTemplate()
#13 /var/www/cis-web-site.localhost/modules/cms/classes/Controller.php(225): Cms\Classes\Controller->runPage()
#14 /var/www/cis-web-site.localhost/modules/cms/classes/CmsController.php(50): Cms\Classes\Controller->run()
#15 [internal function]: Cms\Classes\CmsController->run()
#16 /var/www/cis-web-site.localhost/vendor/laravel/framework/src/Illuminate/Routing/Controller.php(54): call_user_func_array()
#17 /var/www/cis-web-site.localhost/vendor/laravel/framework/src/Illuminate/Routing/ControllerDispatcher.php(45): Illuminate\Routing\Controller->callAction()
#18 /var/www/cis-web-site.localhost/vendor/laravel/framework/src/Illuminate/Routing/Route.php(212): Illuminate\Routing\ControllerDispatcher->dispatch()
#19 /var/www/cis-web-site.localhost/vendor/laravel/framework/src/Illuminate/Routing/Route.php(169): Illuminate\Routing\Route->runController()
#20 /var/www/cis-web-site.localhost/vendor/laravel/framework/src/Illuminate/Routing/Router.php(658): Illuminate\Routing\Route->run()
#21 /var/www/cis-web-site.localhost/vendor/laravel/framework/src/Illuminate/Routing/Pipeline.php(30): Illuminate\Routing\Router->Illuminate\Routing\{closure}()
#22 /var/www/cis-web-site.localhost/vendor/laravel/framework/src/Illuminate/Routing/Middleware/SubstituteBindings.php(41): Illuminate\Routing\Pipeline->Illuminate\Routing\{closure}()
#23 /var/www/cis-web-site.localhost/vendor/laravel/framework/src/Illuminate/Pipeline/Pipeline.php(149): Illuminate\Routing\Middleware\SubstituteBindings->handle()
#24 /var/www/cis-web-site.localhost/vendor/laravel/framework/src/Illuminate/Routing/Pipeline.php(53): Illuminate\Pipeline\Pipeline->Illuminate\Pipeline\{closure}()
#25 /var/www/cis-web-site.localhost/vendor/laravel/framework/src/Illuminate/View/Middleware/ShareErrorsFromSession.php(49): Illuminate\Routing\Pipeline->Illuminate\Routing\{closure}()
#26 /var/www/cis-web-site.localhost/vendor/laravel/framework/src/Illuminate/Pipeline/Pipeline.php(149): Illuminate\View\Middleware\ShareErrorsFromSession->handle()
#27 /var/www/cis-web-site.localhost/vendor/laravel/framework/src/Illuminate/Routing/Pipeline.php(53): Illuminate\Pipeline\Pipeline->Illuminate\Pipeline\{closure}()
#28 /var/www/cis-web-site.localhost/vendor/laravel/framework/src/Illuminate/Session/Middleware/StartSession.php(63): Illuminate\Routing\Pipeline->Illuminate\Routing\{closure}()
#29 /var/www/cis-web-site.localhost/vendor/laravel/framework/src/Illuminate/Pipeline/Pipeline.php(149): Illuminate\Session\Middleware\StartSession->handle()
#30 /var/www/cis-web-site.localhost/vendor/laravel/framework/src/Illuminate/Routing/Pipeline.php(53): Illuminate\Pipeline\Pipeline->Illuminate\Pipeline\{closure}()
#31 /var/www/cis-web-site.localhost/vendor/laravel/framework/src/Illuminate/Cookie/Middleware/AddQueuedCookiesToResponse.php(37): Illuminate\Routing\Pipeline->Illuminate\Routing\{closure}()
#32 /var/www/cis-web-site.localhost/vendor/laravel/framework/src/Illuminate/Pipeline/Pipeline.php(149): Illuminate\Cookie\Middleware\AddQueuedCookiesToResponse->handle()
#33 /var/www/cis-web-site.localhost/vendor/laravel/framework/src/Illuminate/Routing/Pipeline.php(53): Illuminate\Pipeline\Pipeline->Illuminate\Pipeline\{closure}()
#34 /var/www/cis-web-site.localhost/vendor/laravel/framework/src/Illuminate/Cookie/Middleware/EncryptCookies.php(68): Illuminate\Routing\Pipeline->Illuminate\Routing\{closure}()
#35 /var/www/cis-web-site.localhost/vendor/laravel/framework/src/Illuminate/Pipeline/Pipeline.php(149): Illuminate\Cookie\Middleware\EncryptCookies->handle()
#36 /var/www/cis-web-site.localhost/vendor/laravel/framework/src/Illuminate/Routing/Pipeline.php(53): Illuminate\Pipeline\Pipeline->Illuminate\Pipeline\{closure}()
#37 /var/www/cis-web-site.localhost/vendor/laravel/framework/src/Illuminate/Pipeline/Pipeline.php(102): Illuminate\Routing\Pipeline->Illuminate\Routing\{closure}()
#38 /var/www/cis-web-site.localhost/vendor/laravel/framework/src/Illuminate/Routing/Router.php(660): Illuminate\Pipeline\Pipeline->then()
#39 /var/www/cis-web-site.localhost/vendor/laravel/framework/src/Illuminate/Routing/Router.php(635): Illuminate\Routing\Router->runRouteWithinStack()
#40 /var/www/cis-web-site.localhost/vendor/laravel/framework/src/Illuminate/Routing/Router.php(601): Illuminate\Routing\Router->runRoute()
#41 /var/www/cis-web-site.localhost/vendor/october/rain/src/Router/CoreRouter.php(20): Illuminate\Routing\Router->dispatchToRoute()
#42 /var/www/cis-web-site.localhost/vendor/laravel/framework/src/Illuminate/Foundation/Http/Kernel.php(176): October\Rain\Router\CoreRouter->dispatch()
#43 /var/www/cis-web-site.localhost/vendor/laravel/framework/src/Illuminate/Routing/Pipeline.php(30): Illuminate\Foundation\Http\Kernel->Illuminate\Foundation\Http\{closure}()
#44 /var/www/cis-web-site.localhost/vendor/laravel/framework/src/Illuminate/Foundation/Http/Middleware/CheckForMaintenanceMode.php(46): Illuminate\Routing\Pipeline->Illuminate\Routing\{closure}()
#45 /var/www/cis-web-site.localhost/vendor/october/rain/src/Foundation/Http/Middleware/CheckForMaintenanceMode.php(25): Illuminate\Foundation\Http\Middleware\CheckForMaintenanceMode->handle()
#46 /var/www/cis-web-site.localhost/vendor/laravel/framework/src/Illuminate/Pipeline/Pipeline.php(149): October\Rain\Foundation\Http\Middleware\CheckForMaintenanceMode->handle()
#47 /var/www/cis-web-site.localhost/vendor/laravel/framework/src/Illuminate/Routing/Pipeline.php(53): Illuminate\Pipeline\Pipeline->Illuminate\Pipeline\{closure}()
#48 /var/www/cis-web-site.localhost/vendor/october/rain/src/Http/Middleware/TrustHosts.php(46): Illuminate\Routing\Pipeline->Illuminate\Routing\{closure}()
#49 /var/www/cis-web-site.localhost/vendor/laravel/framework/src/Illuminate/Pipeline/Pipeline.php(149): October\Rain\Http\Middleware\TrustHosts->handle()
#50 /var/www/cis-web-site.localhost/vendor/laravel/framework/src/Illuminate/Routing/Pipeline.php(53): Illuminate\Pipeline\Pipeline->Illuminate\Pipeline\{closure}()
#51 /var/www/cis-web-site.localhost/vendor/laravel/framework/src/Illuminate/Pipeline/Pipeline.php(102): Illuminate\Routing\Pipeline->Illuminate\Routing\{closure}()
#52 /var/www/cis-web-site.localhost/vendor/laravel/framework/src/Illuminate/Foundation/Http/Kernel.php(151): Illuminate\Pipeline\Pipeline->then()
#53 /var/www/cis-web-site.localhost/vendor/laravel/framework/src/Illuminate/Foundation/Http/Kernel.php(116): Illuminate\Foundation\Http\Kernel->sendRequestThroughRouter()
#54 /var/www/cis-web-site.localhost/index.php(43): Illuminate\Foundation\Http\Kernel->handle()
#55 /var/www/cis-web-site.localhost/server.php(17): require_once('/var/www/cis-we...')
#56 {main}  
[2021-06-14 23:06:07] development.ERROR: Symfony\Component\Console\Exception\CommandNotFoundException: Command "cache:" is ambiguous.
Did you mean one of these?
    cache:clear  Flush the application cache
    cache:forget Remove an item from the cache. in /var/www/cis-web-site.localhost/vendor/symfony/console/Application.php:689
Stack trace:
#0 /var/www/cis-web-site.localhost/vendor/symfony/console/Application.php(236): Symfony\Component\Console\Application->find()
#1 /var/www/cis-web-site.localhost/vendor/symfony/console/Application.php(148): Symfony\Component\Console\Application->doRun()
#2 /var/www/cis-web-site.localhost/vendor/laravel/framework/src/Illuminate/Console/Application.php(88): Symfony\Component\Console\Application->run()
#3 /var/www/cis-web-site.localhost/vendor/laravel/framework/src/Illuminate/Foundation/Console/Kernel.php(121): Illuminate\Console\Application->run()
#4 /var/www/cis-web-site.localhost/artisan(35): Illuminate\Foundation\Console\Kernel->handle()
#5 {main}  
[2021-06-14 23:06:18] development.ERROR: Symfony\Component\Console\Exception\CommandNotFoundException: Command "cache" is not defined.

Did you mean one of these?
    cache:clear
    cache:forget
    config:cache
    route:cache in /var/www/cis-web-site.localhost/vendor/symfony/console/Application.php:651
Stack trace:
#0 /var/www/cis-web-site.localhost/vendor/symfony/console/Application.php(236): Symfony\Component\Console\Application->find()
#1 /var/www/cis-web-site.localhost/vendor/symfony/console/Application.php(148): Symfony\Component\Console\Application->doRun()
#2 /var/www/cis-web-site.localhost/vendor/laravel/framework/src/Illuminate/Console/Application.php(88): Symfony\Component\Console\Application->run()
#3 /var/www/cis-web-site.localhost/vendor/laravel/framework/src/Illuminate/Foundation/Console/Kernel.php(121): Illuminate\Console\Application->run()
#4 /var/www/cis-web-site.localhost/artisan(35): Illuminate\Foundation\Console\Kernel->handle()
#5 {main}  
[2021-10-06 18:13:13] development.ERROR: Symfony\Component\Console\Exception\RuntimeException: The "--prot" option does not exist. in /var/www/cis-web-site/vendor/symfony/console/Input/ArgvInput.php:221
Stack trace:
#0 /var/www/cis-web-site/vendor/symfony/console/Input/ArgvInput.php(155): Symfony\Component\Console\Input\ArgvInput->addLongOption()
#1 /var/www/cis-web-site/vendor/symfony/console/Input/ArgvInput.php(80): Symfony\Component\Console\Input\ArgvInput->parseLongOption()
#2 /var/www/cis-web-site/vendor/symfony/console/Input/Input.php(55): Symfony\Component\Console\Input\ArgvInput->parse()
#3 /var/www/cis-web-site/vendor/symfony/console/Command/Command.php(214): Symfony\Component\Console\Input\Input->bind()
#4 /var/www/cis-web-site/vendor/laravel/framework/src/Illuminate/Console/Command.php(170): Symfony\Component\Console\Command\Command->run()
#5 /var/www/cis-web-site/vendor/symfony/console/Application.php(992): Illuminate\Console\Command->run()
#6 /var/www/cis-web-site/vendor/symfony/console/Application.php(255): Symfony\Component\Console\Application->doRunCommand()
#7 /var/www/cis-web-site/vendor/symfony/console/Application.php(148): Symfony\Component\Console\Application->doRun()
#8 /var/www/cis-web-site/vendor/laravel/framework/src/Illuminate/Console/Application.php(88): Symfony\Component\Console\Application->run()
#9 /var/www/cis-web-site/vendor/laravel/framework/src/Illuminate/Foundation/Console/Kernel.php(121): Illuminate\Console\Application->run()
#10 /var/www/cis-web-site/artisan(35): Illuminate\Foundation\Console\Kernel->handle()
#11 {main}  
